0 info it worked if it ends with ok
1 verbose cli [ 'node', '/usr/local/bin/npm', 'start' ]
2 info using npm@2.1.4
3 info using node@v0.10.32
4 verbose run-script [ 'prestart', 'start', 'poststart' ]
5 info prestart whos-next@0.0.1
6 info start whos-next@0.0.1
7 verbose unsafe-perm in lifecycle true
8 info whos-next@0.0.1 Failed to exec start script
9 verbose stack Error: whos-next@0.0.1 start: `node ./bin/www`
9 verbose stack Exit status 8
9 verbose stack     at ChildProcess.<anonymous> (/usr/local/lib/node_modules/npm/lib/utils/lifecycle.js:212:16)
9 verbose stack     at ChildProcess.emit (events.js:98:17)
9 verbose stack     at maybeClose (child_process.js:756:16)
9 verbose stack     at Process.ChildProcess._handle.onexit (child_process.js:823:5)
10 verbose pkgid whos-next@0.0.1
11 verbose cwd /Users/wesleyreisz/work/Android-Wear-Whos-Next/server/whos-next
12 error Darwin 12.5.0
13 error argv "node" "/usr/local/bin/npm" "start"
14 error node v0.10.32
15 error npm  v2.1.4
16 error code ELIFECYCLE
17 error whos-next@0.0.1 start: `node ./bin/www`
17 error Exit status 8
18 error Failed at the whos-next@0.0.1 start script.
18 error This is most likely a problem with the whos-next package,
18 error not with npm itself.
18 error Tell the author that this fails on your system:
18 error     node ./bin/www
18 error You can get their info via:
18 error     npm owner ls whos-next
18 error There is likely additional logging output above.
19 verbose exit [ 1, true ]
